app/build/outputs/logs/manifest-merger-release-report.txt
-- Merging decision tree log ---
manifest
ADDED from src\main\AndroidManifest.xml:2:1-116:12
INJECTED from src\main\AndroidManifest.xml:2:1-116:12
INJECTED from src\main\AndroidManifest.xml:2:1-116:12
INJECTED from src\main\AndroidManifest.xml:2:1-116:12
INJECTED from src\main\AndroidManifest.xml:2:1-116:12
INJECTED from src\main\AndroidManifest.xml:2:1-116:12
INJECTED from src\main\AndroidManifest.xml:2:1-116:12
	package
		ADDED from src\main\AndroidManifest.xml:3:5-37
		INJECTED from src\main\AndroidManifest.xml
		INJECTED from src\main\AndroidManifest.xml
	android:versionName
		ADDED from src\main\AndroidManifest.xml:5:5-30
		INJECTED from src\main\AndroidManifest.xml
		INJECTED from src\main\AndroidManifest.xml
	xmlns:android
		ADDED from src\main\AndroidManifest.xml:2:11-69
	android:versionCode
		ADDED from src\main\AndroidManifest.xml:4:5-28
		INJECTED from src\main\AndroidManifest.xml
		INJECTED from src\main\AndroidManifest.xml
uses-sdk
ADDED from src\main\AndroidManifest.xml:7:5-9:41
INJECTED from src\main\AndroidManifest.xml:7:5-9:41
INJECTED from src\main\AndroidManifest.xml:7:5-9:41
INJECTED from src\main\AndroidManifest.xml:7:5-9:41
INJECTED from src\main\AndroidManifest.xml:7:5-9:41
	android:targetSdkVersion
		ADDED from src\main\AndroidManifest.xml:9:9-38
		INJECTED from src\main\AndroidManifest.xml
		INJECTED from src\main\AndroidManifest.xml
	android:minSdkVersion
		ADDED from src\main\AndroidManifest.xml:8:9-34
		INJECTED from src\main\AndroidManifest.xml
		INJECTED from src\main\AndroidManifest.xml
application
ADDED from src\main\AndroidManifest.xml:11:5-114:19
	android:label
		ADDED from src\main\AndroidManifest.xml:14:9-41
	android:icon
		ADDED from src\main\AndroidManifest.xml:13:9-45
	android:allowBackup
		ADDED from src\main\AndroidManifest.xml:12:9-35
	android:theme
		ADDED from src\main\AndroidManifest.xml:15:9-40
activity#com.example.testyouriq.MainActivity
ADDED from src\main\AndroidManifest.xml:16:9-25:20
	android:screenOrientation
		ADDED from src\main\AndroidManifest.xml:19:13-49
	android:label
		ADDED from src\main\AndroidManifest.xml:18:13-45
	android:name
		ADDED from src\main\AndroidManifest.xml:17:13-63
intent-filter#action:name:android.intent.action.MAIN+category:name:android.intent.category.LAUNCHER
ADDED from src\main\AndroidManifest.xml:20:13-24:29
action#android.intent.action.MAIN
ADDED from src\main\AndroidManifest.xml:21:17-69
	android:name
		ADDED from src\main\AndroidManifest.xml:21:25-66
category#android.intent.category.LAUNCHER
ADDED from src\main\AndroidManifest.xml:23:17-77
	android:name
		ADDED from src\main\AndroidManifest.xml:23:27-74
activity#com.example.testyouriq.Home
ADDED from src\main\AndroidManifest.xml:26:9-30:20
	android:screenOrientation
		ADDED from src\main\AndroidManifest.xml:29:13-49
	android:label
		ADDED from src\main\AndroidManifest.xml:28:13-45
	android:name
		ADDED from src\main\AndroidManifest.xml:27:13-55
activity#com.example.testyouriq.Instructions
ADDED from src\main\AndroidManifest.xml:31:9-35:20
	android:screenOrientation
		ADDED from src\main\AndroidManifest.xml:34:13-49
	android:label
		ADDED from src\main\AndroidManifest.xml:33:13-45
	android:name
		ADDED from src\main\AndroidManifest.xml:32:13-63
activity#com.example.testyouriq.UserDetail
ADDED from src\main\AndroidManifest.xml:36:9-40:20
	android:screenOrientation
		ADDED from src\main\AndroidManifest.xml:39:13-49
	android:label
		ADDED from src\main\AndroidManifest.xml:38:13-45
	android:name
		ADDED from src\main\AndroidManifest.xml:37:13-61
activity#com.example.testyouriq.About
ADDED from src\main\AndroidManifest.xml:41:9-44:20
	android:label
		ADDED from src\main\AndroidManifest.xml:43:13-45
	android:name
		ADDED from src\main\AndroidManifest.xml:42:13-56
activity#com.example.testyouriq.Question1
ADDED from src\main\AndroidManifest.xml:45:9-49:20
	android:screenOrientation
		ADDED from src\main\AndroidManifest.xml:48:13-49
	android:label
		ADDED from src\main\AndroidManifest.xml:47:13-45
	android:name
		ADDED from src\main\AndroidManifest.xml:46:13-60
activity#com.example.testyouriq.Question2
ADDED from src\main\AndroidManifest.xml:50:9-54:20
	android:screenOrientation
		ADDED from src\main\AndroidManifest.xml:53:13-49
	android:label
		ADDED from src\main\AndroidManifest.xml:52:13-45
	android:name
		ADDED from src\main\AndroidManifest.xml:51:13-60
activity#com.example.testyouriq.Question3
ADDED from src\main\AndroidManifest.xml:55:9-59:20
	android:screenOrientation
		ADDED from src\main\AndroidManifest.xml:58:13-49
	android:label
		ADDED from src\main\AndroidManifest.xml:57:13-45
	android:name
		ADDED from src\main\AndroidManifest.xml:56:13-60
activity#com.example.testyouriq.Question4
ADDED from src\main\AndroidManifest.xml:60:9-64:20
	android:screenOrientation
		ADDED from src\main\AndroidManifest.xml:63:13-49
	android:label
		ADDED from src\main\AndroidManifest.xml:62:13-45
	android:name
		ADDED from src\main\AndroidManifest.xml:61:13-60
activity#com.example.testyouriq.Question5
ADDED from src\main\AndroidManifest.xml:65:9-69:20
	android:screenOrientation
		ADDED from src\main\AndroidManifest.xml:68:13-49
	android:label
		ADDED from src\main\AndroidManifest.xml:67:13-45
	android:name
		ADDED from src\main\AndroidManifest.xml:66:13-60
activity#com.example.testyouriq.Question6
ADDED from src\main\AndroidManifest.xml:70:9-74:20
	android:screenOrientation
		ADDED from src\main\AndroidManifest.xml:73:13-49
	android:label
		ADDED from src\main\AndroidManifest.xml:72:13-45
	android:name
		ADDED from src\main\AndroidManifest.xml:71:13-60
activity#com.example.testyouriq.Question7
ADDED from src\main\AndroidManifest.xml:75:9-79:20
	android:screenOrientation
		ADDED from src\main\AndroidManifest.xml:78:13-49
	android:label
		ADDED from src\main\AndroidManifest.xml:77:13-45
	android:name
		ADDED from src\main\AndroidManifest.xml:76:13-60
activity#com.example.testyouriq.Question8
ADDED from src\main\AndroidManifest.xml:80:9-84:20
	android:screenOrientation
		ADDED from src\main\AndroidManifest.xml:83:13-49
	android:label
		ADDED from src\main\AndroidManifest.xml:82:13-45
	android:name
		ADDED from src\main\AndroidManifest.xml:81:13-60
activity#com.example.testyouriq.Question9
ADDED from src\main\AndroidManifest.xml:85:9-89:20
	android:screenOrientation
		ADDED from src\main\AndroidManifest.xml:88:13-49
	android:label
		ADDED from src\main\AndroidManifest.xml:87:13-45
	android:name
		ADDED from src\main\AndroidManifest.xml:86:13-60
activity#com.example.testyouriq.Question10
ADDED from src\main\AndroidManifest.xml:90:9-94:20
	android:screenOrientation
		ADDED from src\main\AndroidManifest.xml:93:13-49
	android:label
		ADDED from src\main\AndroidManifest.xml:92:13-45
	android:name
		ADDED from src\main\AndroidManifest.xml:91:13-61
activity#com.example.testyouriq.ResultActivity
ADDED from src\main\AndroidManifest.xml:95:9-99:20
	android:screenOrientation
		ADDED from src\main\AndroidManifest.xml:98:13-49
	android:label
		ADDED from src\main\AndroidManifest.xml:97:13-45
	android:name
		ADDED from src\main\AndroidManifest.xml:96:13-65
activity#com.example.testyouriq.ImageQuestion1
ADDED from src\main\AndroidManifest.xml:100:9-104:20
	android:screenOrientation
		ADDED from src\main\AndroidManifest.xml:103:13-49
	android:label
		ADDED from src\main\AndroidManifest.xml:102:13-45
	android:name
		ADDED from src\main\AndroidManifest.xml:101:13-65
activity#com.example.testyouriq.ImageQuestion2
ADDED from src\main\AndroidManifest.xml:105:9-109:20
	android:screenOrientation
		ADDED from src\main\AndroidManifest.xml:108:13-49
	android:label
		ADDED from src\main\AndroidManifest.xml:107:13-45
	android:name
		ADDED from src\main\AndroidManifest.xml:106:13-65
activity#com.example.testyouriq.History
ADDED from src\main\AndroidManifest.xml:110:9-113:20
	android:label
		ADDED from src\main\AndroidManifest.xml:112:13-59
	android:name
		ADDED from src\main\AndroidManifest.xml:111:13-58